

Started GET "/" for 127.0.0.1 at 2016-04-20 15:49:22 -0600
Processing by Rails::WelcomeController#index as HTML
  Rendered /home/darren/.rvm/gems/ruby-2.2.3/gems/railties-4.2.6/lib/rails/templates/rails/welcome/index.html.erb (2.2ms)
Completed 200 OK in 18ms (Views: 17.4ms | ActiveRecord: 0.0ms)


Started GET "/" for 127.0.0.1 at 2016-04-20 15:50:37 -0600

ActionController::RoutingError (uninitialized constant AppController):
  activesupport (4.2.6) lib/active_support/inflector/methods.rb:261:in `const_get'
  activesupport (4.2.6) lib/active_support/inflector/methods.rb:261:in `block in constantize'
  activesupport (4.2.6) lib/active_support/inflector/methods.rb:259:in `each'
  activesupport (4.2.6) lib/active_support/inflector/methods.rb:259:in `inject'
  activesupport (4.2.6) lib/active_support/inflector/methods.rb:259:in `constantize'
  actionpack (4.2.6) lib/action_dispatch/routing/route_set.rb:70:in `controller_reference'
  actionpack (4.2.6) lib/action_dispatch/routing/route_set.rb:60:in `controller'
  actionpack (4.2.6) lib/action_dispatch/routing/route_set.rb:39:in `serve'
  actionpack (4.2.6) lib/action_dispatch/journey/router.rb:43:in `block in serve'
  actionpack (4.2.6) lib/action_dispatch/journey/router.rb:30:in `each'
  actionpack (4.2.6) lib/action_dispatch/journey/router.rb:30:in `serve'
  actionpack (4.2.6) lib/action_dispatch/routing/route_set.rb:817:in `call'
  rack (1.6.4) lib/rack/etag.rb:24:in `call'
  rack (1.6.4) lib/rack/conditionalget.rb:25:in `call'
  rack (1.6.4) lib/rack/head.rb:13:in `call'
  actionpack (4.2.6) lib/action_dispatch/middleware/params_parser.rb:27:in `call'
  actionpack (4.2.6) lib/action_dispatch/middleware/flash.rb:260:in `call'
  rack (1.6.4) lib/rack/session/abstract/id.rb:225:in `context'
  rack (1.6.4) lib/rack/session/abstract/id.rb:220:in `call'
  actionpack (4.2.6) lib/action_dispatch/middleware/cookies.rb:560:in `call'
  activerecord (4.2.6) lib/active_record/query_cache.rb:36:in `call'
  activerecord (4.2.6) lib/active_record/connection_adapters/abstract/connection_pool.rb:653:in `call'
  activerecord (4.2.6) lib/active_record/migration.rb:377:in `call'
  actionpack (4.2.6) lib/action_dispatch/middleware/callbacks.rb:29:in `block in call'
  activesupport (4.2.6) lib/active_support/callbacks.rb:88:in `__run_callbacks__'
  activesupport (4.2.6) lib/active_support/callbacks.rb:778:in `_run_call_callbacks'
  activesupport (4.2.6) lib/active_support/callbacks.rb:81:in `run_callbacks'
  actionpack (4.2.6) lib/action_dispatch/middleware/callbacks.rb:27:in `call'
  actionpack (4.2.6) lib/action_dispatch/middleware/reloader.rb:73:in `call'
  actionpack (4.2.6) lib/action_dispatch/middleware/remote_ip.rb:78:in `call'
  actionpack (4.2.6) lib/action_dispatch/middleware/debug_exceptions.rb:17:in `call'
  actionpack (4.2.6) lib/action_dispatch/middleware/show_exceptions.rb:30:in `call'
  railties (4.2.6) lib/rails/rack/logger.rb:38:in `call_app'
  railties (4.2.6) lib/rails/rack/logger.rb:20:in `block in call'
  activesupport (4.2.6) lib/active_support/tagged_logging.rb:68:in `block in tagged'
  activesupport (4.2.6) lib/active_support/tagged_logging.rb:26:in `tagged'
  activesupport (4.2.6) lib/active_support/tagged_logging.rb:68:in `tagged'
  railties (4.2.6) lib/rails/rack/logger.rb:20:in `call'
  actionpack (4.2.6) lib/action_dispatch/middleware/request_id.rb:21:in `call'
  rack (1.6.4) lib/rack/methodoverride.rb:22:in `call'
  rack (1.6.4) lib/rack/runtime.rb:18:in `call'
  activesupport (4.2.6) lib/active_support/cache/strategy/local_cache_middleware.rb:28:in `call'
  rack (1.6.4) lib/rack/lock.rb:17:in `call'
  actionpack (4.2.6) lib/action_dispatch/middleware/static.rb:120:in `call'
  rack (1.6.4) lib/rack/sendfile.rb:113:in `call'
  railties (4.2.6) lib/rails/engine.rb:518:in `call'
  railties (4.2.6) lib/rails/application.rb:165:in `call'
  rack (1.6.4) lib/rack/lock.rb:17:in `call'
  rack (1.6.4) lib/rack/content_length.rb:15:in `call'
  rack (1.6.4) lib/rack/handler/webrick.rb:88:in `service'
  /home/darren/.rvm/rubies/ruby-2.2.3/lib/ruby/2.2.0/webrick/httpserver.rb:138:in `service'
  /home/darren/.rvm/rubies/ruby-2.2.3/lib/ruby/2.2.0/webrick/httpserver.rb:94:in `run'
  /home/darren/.rvm/rubies/ruby-2.2.3/lib/ruby/2.2.0/webrick/server.rb:294:in `block in start_thread'


  Rendered /home/darren/.rvm/gems/ruby-2.2.3/gems/actionpack-4.2.6/lib/action_dispatch/middleware/templates/rescues/_trace.html.erb (1.9ms)
  Rendered /home/darren/.rvm/gems/ruby-2.2.3/gems/actionpack-4.2.6/lib/action_dispatch/middleware/templates/routes/_route.html.erb (1.2ms)
  Rendered /home/darren/.rvm/gems/ruby-2.2.3/gems/actionpack-4.2.6/lib/action_dispatch/middleware/templates/routes/_route.html.erb (0.4ms)
  Rendered /home/darren/.rvm/gems/ruby-2.2.3/gems/actionpack-4.2.6/lib/action_dispatch/middleware/templates/routes/_table.html.erb (8.6ms)
  Rendered /home/darren/.rvm/gems/ruby-2.2.3/gems/actionpack-4.2.6/lib/action_dispatch/middleware/templates/rescues/_request_and_response.html.erb (8.1ms)
  Rendered /home/darren/.rvm/gems/ruby-2.2.3/gems/actionpack-4.2.6/lib/action_dispatch/middleware/templates/rescues/routing_error.html.erb within rescues/layout (46.4ms)


Started GET "/" for 127.0.0.1 at 2016-04-20 15:50:59 -0600

LoadError (Unable to autoload constant WebRedeploy::AppController, expected /home/darren/projects/github/code-redeploy/app/controllers/web_redeploy/app_controller.rb to define it):
  activesupport (4.2.6) lib/active_support/dependencies.rb:495:in `load_missing_constant'
  activesupport (4.2.6) lib/active_support/dependencies.rb:184:in `const_missing'
  activesupport (4.2.6) lib/active_support/inflector/methods.rb:263:in `const_get'
  activesupport (4.2.6) lib/active_support/inflector/methods.rb:263:in `block in constantize'
  activesupport (4.2.6) lib/active_support/inflector/methods.rb:259:in `each'
  activesupport (4.2.6) lib/active_support/inflector/methods.rb:259:in `inject'
  activesupport (4.2.6) lib/active_support/inflector/methods.rb:259:in `constantize'
  activesupport (4.2.6) lib/active_support/dependencies.rb:566:in `get'
  activesupport (4.2.6) lib/active_support/dependencies.rb:597:in `constantize'
  actionpack (4.2.6) lib/action_dispatch/routing/route_set.rb:70:in `controller_reference'
  actionpack (4.2.6) lib/action_dispatch/routing/route_set.rb:60:in `controller'
  actionpack (4.2.6) lib/action_dispatch/routing/route_set.rb:39:in `serve'
  actionpack (4.2.6) lib/action_dispatch/journey/router.rb:43:in `block in serve'
  actionpack (4.2.6) lib/action_dispatch/journey/router.rb:30:in `each'
  actionpack (4.2.6) lib/action_dispatch/journey/router.rb:30:in `serve'
  actionpack (4.2.6) lib/action_dispatch/routing/route_set.rb:817:in `call'
  rack (1.6.4) lib/rack/etag.rb:24:in `call'
  rack (1.6.4) lib/rack/conditionalget.rb:25:in `call'
  rack (1.6.4) lib/rack/head.rb:13:in `call'
  actionpack (4.2.6) lib/action_dispatch/middleware/params_parser.rb:27:in `call'
  actionpack (4.2.6) lib/action_dispatch/middleware/flash.rb:260:in `call'
  rack (1.6.4) lib/rack/session/abstract/id.rb:225:in `context'
  rack (1.6.4) lib/rack/session/abstract/id.rb:220:in `call'
  actionpack (4.2.6) lib/action_dispatch/middleware/cookies.rb:560:in `call'
  activerecord (4.2.6) lib/active_record/query_cache.rb:36:in `call'
  activerecord (4.2.6) lib/active_record/connection_adapters/abstract/connection_pool.rb:653:in `call'
  activerecord (4.2.6) lib/active_record/migration.rb:377:in `call'
  actionpack (4.2.6) lib/action_dispatch/middleware/callbacks.rb:29:in `block in call'
  activesupport (4.2.6) lib/active_support/callbacks.rb:88:in `__run_callbacks__'
  activesupport (4.2.6) lib/active_support/callbacks.rb:778:in `_run_call_callbacks'
  activesupport (4.2.6) lib/active_support/callbacks.rb:81:in `run_callbacks'
  actionpack (4.2.6) lib/action_dispatch/middleware/callbacks.rb:27:in `call'
  actionpack (4.2.6) lib/action_dispatch/middleware/reloader.rb:73:in `call'
  actionpack (4.2.6) lib/action_dispatch/middleware/remote_ip.rb:78:in `call'
  actionpack (4.2.6) lib/action_dispatch/middleware/debug_exceptions.rb:17:in `call'
  actionpack (4.2.6) lib/action_dispatch/middleware/show_exceptions.rb:30:in `call'
  railties (4.2.6) lib/rails/rack/logger.rb:38:in `call_app'
  railties (4.2.6) lib/rails/rack/logger.rb:20:in `block in call'
  activesupport (4.2.6) lib/active_support/tagged_logging.rb:68:in `block in tagged'
  activesupport (4.2.6) lib/active_support/tagged_logging.rb:26:in `tagged'
  activesupport (4.2.6) lib/active_support/tagged_logging.rb:68:in `tagged'
  railties (4.2.6) lib/rails/rack/logger.rb:20:in `call'
  actionpack (4.2.6) lib/action_dispatch/middleware/request_id.rb:21:in `call'
  rack (1.6.4) lib/rack/methodoverride.rb:22:in `call'
  rack (1.6.4) lib/rack/runtime.rb:18:in `call'
  activesupport (4.2.6) lib/active_support/cache/strategy/local_cache_middleware.rb:28:in `call'
  rack (1.6.4) lib/rack/lock.rb:17:in `call'
  actionpack (4.2.6) lib/action_dispatch/middleware/static.rb:120:in `call'
  rack (1.6.4) lib/rack/sendfile.rb:113:in `call'
  railties (4.2.6) lib/rails/engine.rb:518:in `call'
  railties (4.2.6) lib/rails/application.rb:165:in `call'
  rack (1.6.4) lib/rack/lock.rb:17:in `call'
  rack (1.6.4) lib/rack/content_length.rb:15:in `call'
  rack (1.6.4) lib/rack/handler/webrick.rb:88:in `service'
  /home/darren/.rvm/rubies/ruby-2.2.3/lib/ruby/2.2.0/webrick/httpserver.rb:138:in `service'
  /home/darren/.rvm/rubies/ruby-2.2.3/lib/ruby/2.2.0/webrick/httpserver.rb:94:in `run'
  /home/darren/.rvm/rubies/ruby-2.2.3/lib/ruby/2.2.0/webrick/server.rb:294:in `block in start_thread'


  Rendered /home/darren/.rvm/gems/ruby-2.2.3/gems/actionpack-4.2.6/lib/action_dispatch/middleware/templates/rescues/_source.erb (2.7ms)
  Rendered /home/darren/.rvm/gems/ruby-2.2.3/gems/actionpack-4.2.6/lib/action_dispatch/middleware/templates/rescues/_trace.html.erb (1.8ms)
  Rendered /home/darren/.rvm/gems/ruby-2.2.3/gems/actionpack-4.2.6/lib/action_dispatch/middleware/templates/rescues/_request_and_response.html.erb (0.8ms)
  Rendered /home/darren/.rvm/gems/ruby-2.2.3/gems/actionpack-4.2.6/lib/action_dispatch/middleware/templates/rescues/diagnostics.html.erb within rescues/layout (16.5ms)


Started GET "/" for 127.0.0.1 at 2016-04-20 15:51:47 -0600
Processing by WebRedeploy::AppController#code_environments as HTML
Completed 500 Internal Server Error in 1ms (ActiveRecord: 0.0ms)

NameError (uninitialized constant WebRedeploy::System):
  /home/darren/projects/github/code-redeploy/app/controllers/web_redeploy/app_controller.rb:37:in `code_environments'
  actionpack (4.2.6) lib/action_controller/metal/implicit_render.rb:4:in `send_action'
  actionpack (4.2.6) lib/abstract_controller/base.rb:198:in `process_action'
  actionpack (4.2.6) lib/action_controller/metal/rendering.rb:10:in `process_action'
  actionpack (4.2.6) lib/abstract_controller/callbacks.rb:20:in `block in process_action'
  activesupport (4.2.6) lib/active_support/callbacks.rb:117:in `call'
  activesupport (4.2.6) lib/active_support/callbacks.rb:117:in `call'
  activesupport (4.2.6) lib/active_support/callbacks.rb:555:in `block (2 levels) in compile'
  activesupport (4.2.6) lib/active_support/callbacks.rb:505:in `call'
  activesupport (4.2.6) lib/active_support/callbacks.rb:505:in `call'
  activesupport (4.2.6) lib/active_support/callbacks.rb:92:in `__run_callbacks__'
  activesupport (4.2.6) lib/active_support/callbacks.rb:778:in `_run_process_action_callbacks'
  activesupport (4.2.6) lib/active_support/callbacks.rb:81:in `run_callbacks'
  actionpack (4.2.6) lib/abstract_controller/callbacks.rb:19:in `process_action'
  actionpack (4.2.6) lib/action_controller/metal/rescue.rb:29:in `process_action'
  actionpack (4.2.6) lib/action_controller/metal/instrumentation.rb:32:in `block in process_action'
  activesupport (4.2.6) lib/active_support/notifications.rb:164:in `block in instrument'
  activesupport (4.2.6) lib/active_support/notifications/instrumenter.rb:20:in `instrument'
  activesupport (4.2.6) lib/active_support/notifications.rb:164:in `instrument'
  actionpack (4.2.6) lib/action_controller/metal/instrumentation.rb:30:in `process_action'
  actionpack (4.2.6) lib/action_controller/metal/params_wrapper.rb:250:in `process_action'
  activerecord (4.2.6) lib/active_record/railties/controller_runtime.rb:18:in `process_action'
  actionpack (4.2.6) lib/abstract_controller/base.rb:137:in `process'
  actionview (4.2.6) lib/action_view/rendering.rb:30:in `process'
  actionpack (4.2.6) lib/action_controller/metal.rb:196:in `dispatch'
  actionpack (4.2.6) lib/action_controller/metal/rack_delegation.rb:13:in `dispatch'
  actionpack (4.2.6) lib/action_controller/metal.rb:237:in `block in action'
  actionpack (4.2.6) lib/action_dispatch/routing/route_set.rb:74:in `call'
  actionpack (4.2.6) lib/action_dispatch/routing/route_set.rb:74:in `dispatch'
  actionpack (4.2.6) lib/action_dispatch/routing/route_set.rb:43:in `serve'
  actionpack (4.2.6) lib/action_dispatch/journey/router.rb:43:in `block in serve'
  actionpack (4.2.6) lib/action_dispatch/journey/router.rb:30:in `each'
  actionpack (4.2.6) lib/action_dispatch/journey/router.rb:30:in `serve'
  actionpack (4.2.6) lib/action_dispatch/routing/route_set.rb:817:in `call'
  rack (1.6.4) lib/rack/etag.rb:24:in `call'
  rack (1.6.4) lib/rack/conditionalget.rb:25:in `call'
  rack (1.6.4) lib/rack/head.rb:13:in `call'
  actionpack (4.2.6) lib/action_dispatch/middleware/params_parser.rb:27:in `call'
  actionpack (4.2.6) lib/action_dispatch/middleware/flash.rb:260:in `call'
  rack (1.6.4) lib/rack/session/abstract/id.rb:225:in `context'
  rack (1.6.4) lib/rack/session/abstract/id.rb:220:in `call'
  actionpack (4.2.6) lib/action_dispatch/middleware/cookies.rb:560:in `call'
  activerecord (4.2.6) lib/active_record/query_cache.rb:36:in `call'
  activerecord (4.2.6) lib/active_record/connection_adapters/abstract/connection_pool.rb:653:in `call'
  activerecord (4.2.6) lib/active_record/migration.rb:377:in `call'
  actionpack (4.2.6) lib/action_dispatch/middleware/callbacks.rb:29:in `block in call'
  activesupport (4.2.6) lib/active_support/callbacks.rb:88:in `__run_callbacks__'
  activesupport (4.2.6) lib/active_support/callbacks.rb:778:in `_run_call_callbacks'
  activesupport (4.2.6) lib/active_support/callbacks.rb:81:in `run_callbacks'
  actionpack (4.2.6) lib/action_dispatch/middleware/callbacks.rb:27:in `call'
  actionpack (4.2.6) lib/action_dispatch/middleware/reloader.rb:73:in `call'
  actionpack (4.2.6) lib/action_dispatch/middleware/remote_ip.rb:78:in `call'
  actionpack (4.2.6) lib/action_dispatch/middleware/debug_exceptions.rb:17:in `call'
  actionpack (4.2.6) lib/action_dispatch/middleware/show_exceptions.rb:30:in `call'
  railties (4.2.6) lib/rails/rack/logger.rb:38:in `call_app'
  railties (4.2.6) lib/rails/rack/logger.rb:20:in `block in call'
  activesupport (4.2.6) lib/active_support/tagged_logging.rb:68:in `block in tagged'
  activesupport (4.2.6) lib/active_support/tagged_logging.rb:26:in `tagged'
  activesupport (4.2.6) lib/active_support/tagged_logging.rb:68:in `tagged'
  railties (4.2.6) lib/rails/rack/logger.rb:20:in `call'
  actionpack (4.2.6) lib/action_dispatch/middleware/request_id.rb:21:in `call'
  rack (1.6.4) lib/rack/methodoverride.rb:22:in `call'
  rack (1.6.4) lib/rack/runtime.rb:18:in `call'
  activesupport (4.2.6) lib/active_support/cache/strategy/local_cache_middleware.rb:28:in `call'
  rack (1.6.4) lib/rack/lock.rb:17:in `call'
  actionpack (4.2.6) lib/action_dispatch/middleware/static.rb:120:in `call'
  rack (1.6.4) lib/rack/sendfile.rb:113:in `call'
  railties (4.2.6) lib/rails/engine.rb:518:in `call'
  railties (4.2.6) lib/rails/application.rb:165:in `call'
  rack (1.6.4) lib/rack/lock.rb:17:in `call'
  rack (1.6.4) lib/rack/content_length.rb:15:in `call'
  rack (1.6.4) lib/rack/handler/webrick.rb:88:in `service'
  /home/darren/.rvm/rubies/ruby-2.2.3/lib/ruby/2.2.0/webrick/httpserver.rb:138:in `service'
  /home/darren/.rvm/rubies/ruby-2.2.3/lib/ruby/2.2.0/webrick/httpserver.rb:94:in `run'
  /home/darren/.rvm/rubies/ruby-2.2.3/lib/ruby/2.2.0/webrick/server.rb:294:in `block in start_thread'


  Rendered /home/darren/.rvm/gems/ruby-2.2.3/gems/actionpack-4.2.6/lib/action_dispatch/middleware/templates/rescues/_source.erb (4.3ms)
  Rendered /home/darren/.rvm/gems/ruby-2.2.3/gems/actionpack-4.2.6/lib/action_dispatch/middleware/templates/rescues/_trace.html.erb (1.9ms)
  Rendered /home/darren/.rvm/gems/ruby-2.2.3/gems/actionpack-4.2.6/lib/action_dispatch/middleware/templates/rescues/_request_and_response.html.erb (0.9ms)
  Rendered /home/darren/.rvm/gems/ruby-2.2.3/gems/actionpack-4.2.6/lib/action_dispatch/middleware/templates/rescues/diagnostics.html.erb within rescues/layout (16.1ms)


Started GET "/" for 127.0.0.1 at 2016-04-20 15:52:24 -0600
Processing by WebRedeploy::AppController#code_environments as HTML
Completed 500 Internal Server Error in 1ms (ActiveRecord: 0.0ms)

NameError (uninitialized constant WebRedeploy::System):
  /home/darren/projects/github/code-redeploy/app/controllers/web_redeploy/app_controller.rb:37:in `code_environments'
  actionpack (4.2.6) lib/action_controller/metal/implicit_render.rb:4:in `send_action'
  actionpack (4.2.6) lib/abstract_controller/base.rb:198:in `process_action'
  actionpack (4.2.6) lib/action_controller/metal/rendering.rb:10:in `process_action'
  actionpack (4.2.6) lib/abstract_controller/callbacks.rb:20:in `block in process_action'
  activesupport (4.2.6) lib/active_support/callbacks.rb:117:in `call'
  activesupport (4.2.6) lib/active_support/callbacks.rb:117:in `call'
  activesupport (4.2.6) lib/active_support/callbacks.rb:555:in `block (2 levels) in compile'
  activesupport (4.2.6) lib/active_support/callbacks.rb:505:in `call'
  activesupport (4.2.6) lib/active_support/callbacks.rb:505:in `call'
  activesupport (4.2.6) lib/active_support/callbacks.rb:92:in `__run_callbacks__'
  activesupport (4.2.6) lib/active_support/callbacks.rb:778:in `_run_process_action_callbacks'
  activesupport (4.2.6) lib/active_support/callbacks.rb:81:in `run_callbacks'
  actionpack (4.2.6) lib/abstract_controller/callbacks.rb:19:in `process_action'
  actionpack (4.2.6) lib/action_controller/metal/rescue.rb:29:in `process_action'
  actionpack (4.2.6) lib/action_controller/metal/instrumentation.rb:32:in `block in process_action'
  activesupport (4.2.6) lib/active_support/notifications.rb:164:in `block in instrument'
  activesupport (4.2.6) lib/active_support/notifications/instrumenter.rb:20:in `instrument'
  activesupport (4.2.6) lib/active_support/notifications.rb:164:in `instrument'
  actionpack (4.2.6) lib/action_controller/metal/instrumentation.rb:30:in `process_action'
  actionpack (4.2.6) lib/action_controller/metal/params_wrapper.rb:250:in `process_action'
  activerecord (4.2.6) lib/active_record/railties/controller_runtime.rb:18:in `process_action'
  actionpack (4.2.6) lib/abstract_controller/base.rb:137:in `process'
  actionview (4.2.6) lib/action_view/rendering.rb:30:in `process'
  actionpack (4.2.6) lib/action_controller/metal.rb:196:in `dispatch'
  actionpack (4.2.6) lib/action_controller/metal/rack_delegation.rb:13:in `dispatch'
  actionpack (4.2.6) lib/action_controller/metal.rb:237:in `block in action'
  actionpack (4.2.6) lib/action_dispatch/routing/route_set.rb:74:in `call'
  actionpack (4.2.6) lib/action_dispatch/routing/route_set.rb:74:in `dispatch'
  actionpack (4.2.6) lib/action_dispatch/routing/route_set.rb:43:in `serve'
  actionpack (4.2.6) lib/action_dispatch/journey/router.rb:43:in `block in serve'
  actionpack (4.2.6) lib/action_dispatch/journey/router.rb:30:in `each'
  actionpack (4.2.6) lib/action_dispatch/journey/router.rb:30:in `serve'
  actionpack (4.2.6) lib/action_dispatch/routing/route_set.rb:817:in `call'
  rack (1.6.4) lib/rack/etag.rb:24:in `call'
  rack (1.6.4) lib/rack/conditionalget.rb:25:in `call'
  rack (1.6.4) lib/rack/head.rb:13:in `call'
  actionpack (4.2.6) lib/action_dispatch/middleware/params_parser.rb:27:in `call'
  actionpack (4.2.6) lib/action_dispatch/middleware/flash.rb:260:in `call'
  rack (1.6.4) lib/rack/session/abstract/id.rb:225:in `context'
  rack (1.6.4) lib/rack/session/abstract/id.rb:220:in `call'
  actionpack (4.2.6) lib/action_dispatch/middleware/cookies.rb:560:in `call'
  activerecord (4.2.6) lib/active_record/query_cache.rb:36:in `call'
  activerecord (4.2.6) lib/active_record/connection_adapters/abstract/connection_pool.rb:653:in `call'
  activerecord (4.2.6) lib/active_record/migration.rb:377:in `call'
  actionpack (4.2.6) lib/action_dispatch/middleware/callbacks.rb:29:in `block in call'
  activesupport (4.2.6) lib/active_support/callbacks.rb:88:in `__run_callbacks__'
  activesupport (4.2.6) lib/active_support/callbacks.rb:778:in `_run_call_callbacks'
  activesupport (4.2.6) lib/active_support/callbacks.rb:81:in `run_callbacks'
  actionpack (4.2.6) lib/action_dispatch/middleware/callbacks.rb:27:in `call'
  actionpack (4.2.6) lib/action_dispatch/middleware/reloader.rb:73:in `call'
  actionpack (4.2.6) lib/action_dispatch/middleware/remote_ip.rb:78:in `call'
  actionpack (4.2.6) lib/action_dispatch/middleware/debug_exceptions.rb:17:in `call'
  actionpack (4.2.6) lib/action_dispatch/middleware/show_exceptions.rb:30:in `call'
  railties (4.2.6) lib/rails/rack/logger.rb:38:in `call_app'
  railties (4.2.6) lib/rails/rack/logger.rb:20:in `block in call'
  activesupport (4.2.6) lib/active_support/tagged_logging.rb:68:in `block in tagged'
  activesupport (4.2.6) lib/active_support/tagged_logging.rb:26:in `tagged'
  activesupport (4.2.6) lib/active_support/tagged_logging.rb:68:in `tagged'
  railties (4.2.6) lib/rails/rack/logger.rb:20:in `call'
  actionpack (4.2.6) lib/action_dispatch/middleware/request_id.rb:21:in `call'
  rack (1.6.4) lib/rack/methodoverride.rb:22:in `call'
  rack (1.6.4) lib/rack/runtime.rb:18:in `call'
  activesupport (4.2.6) lib/active_support/cache/strategy/local_cache_middleware.rb:28:in `call'
  rack (1.6.4) lib/rack/lock.rb:17:in `call'
  actionpack (4.2.6) lib/action_dispatch/middleware/static.rb:120:in `call'
  rack (1.6.4) lib/rack/sendfile.rb:113:in `call'
  railties (4.2.6) lib/rails/engine.rb:518:in `call'
  railties (4.2.6) lib/rails/application.rb:165:in `call'
  rack (1.6.4) lib/rack/lock.rb:17:in `call'
  rack (1.6.4) lib/rack/content_length.rb:15:in `call'
  rack (1.6.4) lib/rack/handler/webrick.rb:88:in `service'
  /home/darren/.rvm/rubies/ruby-2.2.3/lib/ruby/2.2.0/webrick/httpserver.rb:138:in `service'
  /home/darren/.rvm/rubies/ruby-2.2.3/lib/ruby/2.2.0/webrick/httpserver.rb:94:in `run'
  /home/darren/.rvm/rubies/ruby-2.2.3/lib/ruby/2.2.0/webrick/server.rb:294:in `block in start_thread'


  Rendered /home/darren/.rvm/gems/ruby-2.2.3/gems/actionpack-4.2.6/lib/action_dispatch/middleware/templates/rescues/_source.erb (7.3ms)
  Rendered /home/darren/.rvm/gems/ruby-2.2.3/gems/actionpack-4.2.6/lib/action_dispatch/middleware/templates/rescues/_trace.html.erb (2.0ms)
  Rendered /home/darren/.rvm/gems/ruby-2.2.3/gems/actionpack-4.2.6/lib/action_dispatch/middleware/templates/rescues/_request_and_response.html.erb (1.0ms)
  Rendered /home/darren/.rvm/gems/ruby-2.2.3/gems/actionpack-4.2.6/lib/action_dispatch/middleware/templates/rescues/diagnostics.html.erb within rescues/layout (18.7ms)


Started GET "/" for 127.0.0.1 at 2016-04-20 15:52:44 -0600
Processing by WebRedeploy::AppController#code_environments as HTML
Completed 500 Internal Server Error in 16ms (ActiveRecord: 0.0ms)

NoMethodError (undefined method `_lookup_code_environment' for #<WebRedeploy::AppController:0x000000024b7df8>):
  /home/darren/projects/github/code-redeploy/app/controllers/web_redeploy/app_controller.rb:48:in `block (3 levels) in code_environments'
  activerecord (4.2.6) lib/active_record/connection_adapters/abstract/connection_pool.rb:292:in `with_connection'
  /home/darren/projects/github/code-redeploy/app/controllers/web_redeploy/app_controller.rb:47:in `block (2 levels) in code_environments'


  Rendered /home/darren/.rvm/gems/ruby-2.2.3/gems/actionpack-4.2.6/lib/action_dispatch/middleware/templates/rescues/_source.erb (0.5ms)
  Rendered /home/darren/.rvm/gems/ruby-2.2.3/gems/actionpack-4.2.6/lib/action_dispatch/middleware/templates/rescues/_trace.html.erb (8.3ms)
  Rendered /home/darren/.rvm/gems/ruby-2.2.3/gems/actionpack-4.2.6/lib/action_dispatch/middleware/templates/rescues/_request_and_response.html.erb (7.8ms)
  Rendered /home/darren/.rvm/gems/ruby-2.2.3/gems/actionpack-4.2.6/lib/action_dispatch/middleware/templates/rescues/diagnostics.html.erb within rescues/layout (29.2ms)


Started GET "/" for 127.0.0.1 at 2016-04-20 15:54:00 -0600
Processing by WebRedeploy::AppController#code_environments as HTML
Completed 500 Internal Server Error in 18ms (ActiveRecord: 0.0ms)

NoMethodError (undefined method `each' for "todo-change this":String):
  /home/darren/projects/github/code-redeploy/app/controllers/web_redeploy/app_controller.rb:143:in `_lookup_code_environment'
  /home/darren/projects/github/code-redeploy/app/controllers/web_redeploy/app_controller.rb:48:in `block (3 levels) in code_environments'
  activerecord (4.2.6) lib/active_record/connection_adapters/abstract/connection_pool.rb:292:in `with_connection'
  /home/darren/projects/github/code-redeploy/app/controllers/web_redeploy/app_controller.rb:47:in `block (2 levels) in code_environments'


  Rendered /home/darren/.rvm/gems/ruby-2.2.3/gems/actionpack-4.2.6/lib/action_dispatch/middleware/templates/rescues/_source.erb (0.8ms)
  Rendered /home/darren/.rvm/gems/ruby-2.2.3/gems/actionpack-4.2.6/lib/action_dispatch/middleware/templates/rescues/_trace.html.erb (0.6ms)
  Rendered /home/darren/.rvm/gems/ruby-2.2.3/gems/actionpack-4.2.6/lib/action_dispatch/middleware/templates/rescues/_request_and_response.html.erb (0.9ms)
  Rendered /home/darren/.rvm/gems/ruby-2.2.3/gems/actionpack-4.2.6/lib/action_dispatch/middleware/templates/rescues/diagnostics.html.erb within rescues/layout (10.7ms)


Started GET "/" for 127.0.0.1 at 2016-04-20 15:54:32 -0600
Processing by WebRedeploy::AppController#code_environments as HTML
Completed 500 Internal Server Error in 20ms (ActiveRecord: 0.0ms)

NoMethodError (undefined method `each' for "http://localhost":String):
  /home/darren/projects/github/code-redeploy/app/controllers/web_redeploy/app_controller.rb:143:in `_lookup_code_environment'
  /home/darren/projects/github/code-redeploy/app/controllers/web_redeploy/app_controller.rb:48:in `block (3 levels) in code_environments'
  activerecord (4.2.6) lib/active_record/connection_adapters/abstract/connection_pool.rb:292:in `with_connection'
  /home/darren/projects/github/code-redeploy/app/controllers/web_redeploy/app_controller.rb:47:in `block (2 levels) in code_environments'


  Rendered /home/darren/.rvm/gems/ruby-2.2.3/gems/actionpack-4.2.6/lib/action_dispatch/middleware/templates/rescues/_source.erb (0.6ms)
  Rendered /home/darren/.rvm/gems/ruby-2.2.3/gems/actionpack-4.2.6/lib/action_dispatch/middleware/templates/rescues/_trace.html.erb (0.8ms)
  Rendered /home/darren/.rvm/gems/ruby-2.2.3/gems/actionpack-4.2.6/lib/action_dispatch/middleware/templates/rescues/_request_and_response.html.erb (1.6ms)
  Rendered /home/darren/.rvm/gems/ruby-2.2.3/gems/actionpack-4.2.6/lib/action_dispatch/middleware/templates/rescues/diagnostics.html.erb within rescues/layout (12.3ms)


Started GET "/" for 127.0.0.1 at 2016-04-20 15:54:41 -0600
Processing by WebRedeploy::AppController#code_environments as HTML
[93mSystem.build_version_info(true)[0m
Completed 500 Internal Server Error in 29ms (ActiveRecord: 0.0ms)

NoMethodError (undefined method `start_with?' for nil:NilClass):
  /home/darren/projects/github/code-redeploy/lib/web_redeploy/system.rb:430:in `git_revision'
  /home/darren/projects/github/code-redeploy/lib/web_redeploy/system.rb:365:in `build_version_info'
  /home/darren/projects/github/code-redeploy/app/controllers/web_redeploy/app_controller.rb:145:in `block in _lookup_code_environment'
  /home/darren/projects/github/code-redeploy/app/controllers/web_redeploy/app_controller.rb:143:in `each'
  /home/darren/projects/github/code-redeploy/app/controllers/web_redeploy/app_controller.rb:143:in `_lookup_code_environment'
  /home/darren/projects/github/code-redeploy/app/controllers/web_redeploy/app_controller.rb:48:in `block (3 levels) in code_environments'
  activerecord (4.2.6) lib/active_record/connection_adapters/abstract/connection_pool.rb:292:in `with_connection'
  /home/darren/projects/github/code-redeploy/app/controllers/web_redeploy/app_controller.rb:47:in `block (2 levels) in code_environments'


  Rendered /home/darren/.rvm/gems/ruby-2.2.3/gems/actionpack-4.2.6/lib/action_dispatch/middleware/templates/rescues/_source.erb (1.1ms)
  Rendered /home/darren/.rvm/gems/ruby-2.2.3/gems/actionpack-4.2.6/lib/action_dispatch/middleware/templates/rescues/_trace.html.erb (1.0ms)
  Rendered /home/darren/.rvm/gems/ruby-2.2.3/gems/actionpack-4.2.6/lib/action_dispatch/middleware/templates/rescues/_request_and_response.html.erb (2.4ms)
  Rendered /home/darren/.rvm/gems/ruby-2.2.3/gems/actionpack-4.2.6/lib/action_dispatch/middleware/templates/rescues/diagnostics.html.erb within rescues/layout (19.7ms)


Started GET "/" for 127.0.0.1 at 2016-04-20 15:56:20 -0600
Processing by WebRedeploy::AppController#code_environments as HTML
[93mSystem.build_version_info(true)[0m
Completed 500 Internal Server Error in 41ms (ActiveRecord: 0.0ms)

NoMethodError - undefined method `start_with?' for nil:NilClass:
  /home/darren/projects/github/code-redeploy/lib/web_redeploy/system.rb:430:in `git_revision'
  /home/darren/projects/github/code-redeploy/lib/web_redeploy/system.rb:365:in `build_version_info'
  /home/darren/projects/github/code-redeploy/app/controllers/web_redeploy/app_controller.rb:145:in `block in _lookup_code_environment'
  /home/darren/projects/github/code-redeploy/app/controllers/web_redeploy/app_controller.rb:143:in `each'
  /home/darren/projects/github/code-redeploy/app/controllers/web_redeploy/app_controller.rb:143:in `_lookup_code_environment'
  /home/darren/projects/github/code-redeploy/app/controllers/web_redeploy/app_controller.rb:48:in `block (3 levels) in code_environments'
  activerecord (4.2.6) lib/active_record/connection_adapters/abstract/connection_pool.rb:292:in `with_connection'
  /home/darren/projects/github/code-redeploy/app/controllers/web_redeploy/app_controller.rb:47:in `block (2 levels) in code_environments'



Started POST "/__better_errors/fdffec08cf38396d/variables" for 127.0.0.1 at 2016-04-20 15:56:20 -0600


Started GET "/" for 127.0.0.1 at 2016-04-20 15:56:56 -0600
Processing by WebRedeploy::AppController#code_environments as HTML
[93mSystem.build_version_info(true)[0m
Completed 500 Internal Server Error in 34ms (ActiveRecord: 0.0ms)

NoMethodError - undefined method `start_with?' for nil:NilClass:
  /home/darren/projects/github/code-redeploy/lib/web_redeploy/system.rb:430:in `git_revision'
  /home/darren/projects/github/code-redeploy/lib/web_redeploy/system.rb:365:in `build_version_info'
  /home/darren/projects/github/code-redeploy/app/controllers/web_redeploy/app_controller.rb:145:in `block in _lookup_code_environment'
  /home/darren/projects/github/code-redeploy/app/controllers/web_redeploy/app_controller.rb:143:in `_lookup_code_environment'
  /home/darren/projects/github/code-redeploy/app/controllers/web_redeploy/app_controller.rb:48:in `block (3 levels) in code_environments'
  activerecord (4.2.6) lib/active_record/connection_adapters/abstract/connection_pool.rb:292:in `with_connection'
  /home/darren/projects/github/code-redeploy/app/controllers/web_redeploy/app_controller.rb:47:in `block (2 levels) in code_environments'



Started POST "/__better_errors/7727e442987d87a0/variables" for 127.0.0.1 at 2016-04-20 15:56:56 -0600


Started POST "/__better_errors/7727e442987d87a0/eval" for 127.0.0.1 at 2016-04-20 15:56:59 -0600


Started POST "/__better_errors/7727e442987d87a0/eval" for 127.0.0.1 at 2016-04-20 15:57:10 -0600


Started POST "/__better_errors/7727e442987d87a0/variables" for 127.0.0.1 at 2016-04-20 15:57:19 -0600


Started GET "/" for 127.0.0.1 at 2016-04-20 16:02:23 -0600
Processing by WebRedeploy::AppController#code_environments as HTML
[93mSystem.build_version_info(true)[0m
Completed 500 Internal Server Error in 22ms (ActiveRecord: 0.0ms)

NoMethodError - undefined method `start_with?' for nil:NilClass:
  /home/darren/projects/github/code-redeploy/lib/web_redeploy/system.rb:430:in `git_revision'
  /home/darren/projects/github/code-redeploy/lib/web_redeploy/system.rb:365:in `build_version_info'
  /home/darren/projects/github/code-redeploy/app/controllers/web_redeploy/app_controller.rb:145:in `block in _lookup_code_environment'
  /home/darren/projects/github/code-redeploy/app/controllers/web_redeploy/app_controller.rb:143:in `_lookup_code_environment'
  /home/darren/projects/github/code-redeploy/app/controllers/web_redeploy/app_controller.rb:48:in `block (3 levels) in code_environments'
  activerecord (4.2.6) lib/active_record/connection_adapters/abstract/connection_pool.rb:292:in `with_connection'
  /home/darren/projects/github/code-redeploy/app/controllers/web_redeploy/app_controller.rb:47:in `block (2 levels) in code_environments'



Started POST "/__better_errors/f6dcdbcf0c0431e1/variables" for 127.0.0.1 at 2016-04-20 16:02:23 -0600


Started GET "/" for 127.0.0.1 at 2016-04-20 16:02:28 -0600
Processing by WebRedeploy::AppController#code_environments as HTML
[93mSystem.build_version_info(true)[0m
Completed 500 Internal Server Error in 27ms (ActiveRecord: 0.0ms)

NoMethodError - undefined method `start_with?' for nil:NilClass:
  /home/darren/projects/github/code-redeploy/lib/web_redeploy/system.rb:430:in `git_revision'
  /home/darren/projects/github/code-redeploy/lib/web_redeploy/system.rb:365:in `build_version_info'
  /home/darren/projects/github/code-redeploy/app/controllers/web_redeploy/app_controller.rb:145:in `block in _lookup_code_environment'
  /home/darren/projects/github/code-redeploy/app/controllers/web_redeploy/app_controller.rb:143:in `_lookup_code_environment'
  /home/darren/projects/github/code-redeploy/app/controllers/web_redeploy/app_controller.rb:48:in `block (3 levels) in code_environments'
  activerecord (4.2.6) lib/active_record/connection_adapters/abstract/connection_pool.rb:292:in `with_connection'
  /home/darren/projects/github/code-redeploy/app/controllers/web_redeploy/app_controller.rb:47:in `block (2 levels) in code_environments'



Started POST "/__better_errors/9110df20c57d76c1/variables" for 127.0.0.1 at 2016-04-20 16:02:28 -0600


Started GET "/" for 127.0.0.1 at 2016-04-20 16:02:29 -0600
Processing by WebRedeploy::AppController#code_environments as HTML
[93mSystem.build_version_info(true)[0m
Completed 500 Internal Server Error in 24ms (ActiveRecord: 0.0ms)

NoMethodError - undefined method `start_with?' for nil:NilClass:
  /home/darren/projects/github/code-redeploy/lib/web_redeploy/system.rb:430:in `git_revision'
  /home/darren/projects/github/code-redeploy/lib/web_redeploy/system.rb:365:in `build_version_info'
  /home/darren/projects/github/code-redeploy/app/controllers/web_redeploy/app_controller.rb:145:in `block in _lookup_code_environment'
  /home/darren/projects/github/code-redeploy/app/controllers/web_redeploy/app_controller.rb:143:in `_lookup_code_environment'
  /home/darren/projects/github/code-redeploy/app/controllers/web_redeploy/app_controller.rb:48:in `block (3 levels) in code_environments'
  activerecord (4.2.6) lib/active_record/connection_adapters/abstract/connection_pool.rb:292:in `with_connection'
  /home/darren/projects/github/code-redeploy/app/controllers/web_redeploy/app_controller.rb:47:in `block (2 levels) in code_environments'



Started POST "/__better_errors/995027693435c22c/variables" for 127.0.0.1 at 2016-04-20 16:02:29 -0600


Started GET "/" for 127.0.0.1 at 2016-04-20 16:06:23 -0600
Processing by WebRedeploy::AppController#code_environments as HTML
[93mSystem.build_version_info(true)[0m
Completed 500 Internal Server Error in 52ms (ActiveRecord: 0.0ms)

NameError - undefined local variable or method `change_dir_perhaps' for WebRedeploy::System:Class:
  /home/darren/projects/github/code-redeploy/lib/web_redeploy/system.rb:432:in `git_branch'
  /home/darren/projects/github/code-redeploy/lib/web_redeploy/system.rb:361:in `block in build_version_info'



Started POST "/__better_errors/680dc08bdfa863ca/variables" for 127.0.0.1 at 2016-04-20 16:06:23 -0600


Started GET "/" for 127.0.0.1 at 2016-04-20 16:09:45 -0600
Processing by WebRedeploy::AppController#code_environments as HTML
[93mSystem.build_version_info(true)[0m
Completed 500 Internal Server Error in 60ms (ActiveRecord: 0.0ms)

NameError - undefined local variable or method `change_dir_perhaps' for WebRedeploy::System:Class:
  /home/darren/projects/github/code-redeploy/lib/web_redeploy/system.rb:432:in `git_branch'
  /home/darren/projects/github/code-redeploy/lib/web_redeploy/system.rb:361:in `block in build_version_info'



Started POST "/__better_errors/927d0b9f5f93706d/variables" for 127.0.0.1 at 2016-04-20 16:09:46 -0600


Started GET "/" for 127.0.0.1 at 2016-04-20 16:09:59 -0600
Processing by WebRedeploy::AppController#code_environments as HTML
[93mSystem.build_version_info(true)[0m
Completed 500 Internal Server Error in 58ms (ActiveRecord: 0.0ms)

NoMethodError - undefined method `start_with?' for nil:NilClass:
  /home/darren/projects/github/code-redeploy/lib/web_redeploy/system.rb:416:in `git_revision'
  /home/darren/projects/github/code-redeploy/lib/web_redeploy/system.rb:361:in `block in build_version_info'



Started POST "/__better_errors/e289e24ee0363cfb/variables" for 127.0.0.1 at 2016-04-20 16:09:59 -0600


Started POST "/__better_errors/e289e24ee0363cfb/eval" for 127.0.0.1 at 2016-04-20 16:10:02 -0600


Started POST "/__better_errors/e289e24ee0363cfb/eval" for 127.0.0.1 at 2016-04-20 16:10:10 -0600
